Log file open, 09/16/17 13:15:05
LogInit:Display: Running engine for game: Courtyard
LogPlatformFile: Not using cached read wrapper
LogInit:Display: RandInit(-1168716581) SRandInit(-1168716581).
LogTaskGraph: Started task graph with 5 named threads and 8 total threads with 1 sets of task threads.
LogStats: Stats thread started at 0.064471
LogPluginManager: Loaded Plugin Paper2D, From C:/Program Files (x86)/Epic Games/4.13/Engine/Plugins/2D/Paper2D/Paper2D.uplugin
LogPluginManager: Loaded Plugin LightPropagationVolume, From C:/Program Files (x86)/Epic Games/4.13/Engine/Plugins/Blendables/LightPropagationVolume/LightPropagationVolume.uplugin
LogPluginManager: Loaded Plugin BlankPlugin, From C:/Program Files (x86)/Epic Games/4.13/Engine/Plugins/Developer/BlankPlugin/BlankPlugin.uplugin
LogPluginManager: Loaded Plugin CodeLiteSourceCodeAccess, From C:/Program Files (x86)/Epic Games/4.13/Engine/Plugins/Developer/CodeLiteSourceCodeAccess/CodeLiteSourceCodeAccess.uplugin
LogPluginManager: Loaded Plugin GitSourceControl, From C:/Program Files (x86)/Epic Games/4.13/Engine/Plugins/Developer/GitSourceControl/GitSourceControl.uplugin
LogPluginManager: Loaded Plugin KDevelopSourceCodeAccess, From C:/Program Files (x86)/Epic Games/4.13/Engine/Plugins/Developer/KDevelopSourceCodeAccess/KDevelopSourceCodeAccess.uplugin
LogPluginManager: Loaded Plugin NullSourceCodeAccess, From C:/Program Files (x86)/Epic Games/4.13/Engine/Plugins/Developer/NullSourceCodeAccess/NullSourceCodeAccess.uplugin
LogPluginManager: Loaded Plugin OneSkyLocalizationService, From C:/Program Files (x86)/Epic Games/4.13/Engine/Plugins/Developer/OneSkyLocalizationService/OneSkyLocalizationService.uplugin
LogPluginManager: Loaded Plugin PerforceSourceControl, From C:/Program Files (x86)/Epic Games/4.13/Engine/Plugins/Developer/PerforceSourceControl/PerforceSourceControl.uplugin
LogPluginManager: Loaded Plugin SubversionSourceControl, From C:/Program Files (x86)/Epic Games/4.13/Engine/Plugins/Developer/SubversionSourceControl/SubversionSourceControl.uplugin
LogPluginManager: Loaded Plugin UObjectPlugin, From C:/Program Files (x86)/Epic Games/4.13/Engine/Plugins/Developer/UObjectPlugin/UObjectPlugin.uplugin
LogPluginManager: Loaded Plugin VisualStudioSourceCodeAccess, From C:/Program Files (x86)/Epic Games/4.13/Engine/Plugins/Developer/VisualStudioSourceCodeAccess/VisualStudioSourceCodeAccess.uplugin
LogPluginManager: Loaded Plugin XCodeSourceCodeAccess, From C:/Program Files (x86)/Epic Games/4.13/Engine/Plugins/Developer/XCodeSourceCodeAccess/XCodeSourceCodeAccess.uplugin
LogPluginManager: Loaded Plugin EpicSurvey, From C:/Program Files (x86)/Epic Games/4.13/Engine/Plugins/Editor/EpicSurvey/EpicSurvey.uplugin
LogPluginManager: Loaded Plugin MacGraphicsSwitching, From C:/Program Files (x86)/Epic Games/4.13/Engine/Plugins/Editor/MacGraphicsSwitching/MacGraphicsSwitching.uplugin
LogPluginManager: Loaded Plugin MobileLauncherProfileWizard, From C:/Program Files (x86)/Epic Games/4.13/Engine/Plugins/Editor/MobileLauncherProfileWizard/MobileLauncherProfileWizard.uplugin
LogPluginManager: Loaded Plugin PluginBrowser, From C:/Program Files (x86)/Epic Games/4.13/Engine/Plugins/Editor/PluginBrowser/PluginBrowser.uplugin
LogPluginManager: Loaded Plugin SpeedTreeImporter, From C:/Program Files (x86)/Epic Games/4.13/Engine/Plugins/Editor/SpeedTreeImporter/SpeedTreeImporter.uplugin
LogPluginManager: Loaded Plugin SuperSearchEditor, From C:/Program Files (x86)/Epic Games/4.13/Engine/Plugins/Editor/SuperSearchEditor/SuperSearchEditor.uplugin
LogPluginManager: Loaded Plugin AlembicImporter, From C:/Program Files (x86)/Epic Games/4.13/Engine/Plugins/Experimental/AlembicImporter/AlembicImporter.uplugin
LogPluginManager: Loaded Plugin BlueprintStats, From C:/Program Files (x86)/Epic Games/4.13/Engine/Plugins/Experimental/BlueprintStats/BlueprintStats.uplugin
LogPluginManager: Loaded Plugin CharacterAI, From C:/Program Files (x86)/Epic Games/4.13/Engine/Plugins/Experimental/CharacterAI/CharacterAI.uplugin
LogPluginManager: Loaded Plugin CodeEditor, From C:/Program Files (x86)/Epic Games/4.13/Engine/Plugins/Experimental/CodeEditor/CodeEditor.uplugin
LogPluginManager: Loaded Plugin CodeView, From C:/Program Files (x86)/Epic Games/4.13/Engine/Plugins/Experimental/CodeView/CodeView.uplugin
LogPluginManager: Loaded Plugin HTML5Networking, From C:/Program Files (x86)/Epic Games/4.13/Engine/Plugins/Experimental/HTML5Networking/HTML5Networking.uplugin
LogPluginManager: Loaded Plugin LiveEditor, From C:/Program Files (x86)/Epic Games/4.13/Engine/Plugins/Experimental/LiveEditor/LiveEditor.uplugin
LogPluginManager: Loaded Plugin OSVR, From C:/Program Files (x86)/Epic Games/4.13/Engine/Plugins/Experimental/OSVR/OSVR.uplugin
LogPluginManager: Loaded Plugin Phya, From C:/Program Files (x86)/Epic Games/4.13/Engine/Plugins/Experimental/Phya/Phya.uplugin
LogPluginManager: Loaded Plugin SignificanceManager, From C:/Program Files (x86)/Epic Games/4.13/Engine/Plugins/Experimental/SignificanceManager/SignificanceManager.uplugin
LogPluginManager: Loaded Plugin SimpleHMD, From C:/Program Files (x86)/Epic Games/4.13/Engine/Plugins/Experimental/SimpleHMD/SimpleHMD.uplugin
LogPluginManager: Loaded Plugin StereoPanorama, From C:/Program Files (x86)/Epic Games/4.13/Engine/Plugins/Experimental/StereoPanorama/StereoPanorama.uplugin
LogPluginManager: Loaded Plugin StructBox, From C:/Program Files (x86)/Epic Games/4.13/Engine/Plugins/Experimental/StructBox/StructBox.uplugin
LogPluginManager: Loaded Plugin AndroidMedia, From C:/Program Files (x86)/Epic Games/4.13/Engine/Plugins/Media/AndroidMedia/AndroidMedia.uplugin
LogPluginManager: Loaded Plugin AvfMedia, From C:/Program Files (x86)/Epic Games/4.13/Engine/Plugins/Media/AvfMedia/AvfMedia.uplugin
LogPluginManager: Loaded Plugin MediaPlayerEditor, From C:/Program Files (x86)/Epic Games/4.13/Engine/Plugins/Media/MediaPlayerEditor/MediaPlayerEditor.uplugin
LogPluginManager: Loaded Plugin WmfMedia, From C:/Program Files (x86)/Epic Games/4.13/Engine/Plugins/Media/WmfMedia/WmfMedia.uplugin
LogPluginManager: Loaded Plugin MessagingDebugger, From C:/Program Files (x86)/Epic Games/4.13/Engine/Plugins/Messaging/MessagingDebugger/MessagingDebugger.uplugin
LogPluginManager: Loaded Plugin TcpMessaging, From C:/Program Files (x86)/Epic Games/4.13/Engine/Plugins/Messaging/TcpMessaging/TcpMessaging.uplugin
LogPluginManager: Loaded Plugin UdpMessaging, From C:/Program Files (x86)/Epic Games/4.13/Engine/Plugins/Messaging/UdpMessaging/UdpMessaging.uplugin
LogPluginManager: Loaded Plugin LevelSequenceEditor, From C:/Program Files (x86)/Epic Games/4.13/Engine/Plugins/MovieScene/LevelSequenceEditor/LevelSequenceEditor.uplugin
LogPluginManager: Loaded Plugin MatineeToLevelSequence, From C:/Program Files (x86)/Epic Games/4.13/Engine/Plugins/MovieScene/MatineeToLevelSequence/MatineeToLevelSequence.uplugin
LogPluginManager: Loaded Plugin NetcodeUnitTest, From C:/Program Files (x86)/Epic Games/4.13/Engine/Plugins/NetcodeUnitTest/NetcodeUnitTest/NetcodeUnitTest.uplugin
LogPluginManager: Loaded Plugin NUTUnrealEngine4, From C:/Program Files (x86)/Epic Games/4.13/Engine/Plugins/NetcodeUnitTest/NUTUnrealEngine4/NUTUnrealEngine4.uplugin
LogPluginManager: Loaded Plugin OnlineSubsystemGooglePlay, From C:/Program Files (x86)/Epic Games/4.13/Engine/Plugins/Online/Android/OnlineSubsystemGooglePlay/OnlineSubsystemGooglePlay.uplugin
LogPluginManager: Loaded Plugin OnlineSubsystemIOS, From C:/Program Files (x86)/Epic Games/4.13/Engine/Plugins/Online/IOS/OnlineSubsystemIOS/OnlineSubsystemIOS.uplugin
LogPluginManager: Loaded Plugin OnlineFramework, From C:/Program Files (x86)/Epic Games/4.13/Engine/Plugins/Online/OnlineFramework/OnlineFramework.uplugin
LogPluginManager: Loaded Plugin OnlineSubsystem, From C:/Program Files (x86)/Epic Games/4.13/Engine/Plugins/Online/OnlineSubsystem/OnlineSubsystem.uplugin
LogPluginManager: Loaded Plugin OnlineSubsystemAmazon, From C:/Program Files (x86)/Epic Games/4.13/Engine/Plugins/Online/OnlineSubsystemAmazon/OnlineSubsystemAmazon.uplugin
LogPluginManager: Loaded Plugin OnlineSubsystemFacebook, From C:/Program Files (x86)/Epic Games/4.13/Engine/Plugins/Online/OnlineSubsystemFacebook/OnlineSubsystemFacebook.uplugin
LogPluginManager: Loaded Plugin OnlineSubsystemNull, From C:/Program Files (x86)/Epic Games/4.13/Engine/Plugins/Online/OnlineSubsystemNull/OnlineSubsystemNull.uplugin
LogPluginManager: Loaded Plugin OnlineSubsystemOculus, From C:/Program Files (x86)/Epic Games/4.13/Engine/Plugins/Online/OnlineSubsystemOculus/OnlineSubsystemOculus.uplugin
LogPluginManager: Loaded Plugin OnlineSubsystemSteam, From C:/Program Files (x86)/Epic Games/4.13/Engine/Plugins/Online/OnlineSubsystemSteam/OnlineSubsystemSteam.uplugin
LogPluginManager: Loaded Plugin OnlineSubsystemUtils, From C:/Program Files (x86)/Epic Games/4.13/Engine/Plugins/Online/OnlineSubsystemUtils/OnlineSubsystemUtils.uplugin
LogPluginManager: Loaded Plugin IOSTapJoy, From C:/Program Files (x86)/Epic Games/4.13/Engine/Plugins/Runtime/Advertising/IOSTapJoy/IOSTapJoy.uplugin
LogPluginManager: Loaded Plugin AnalyticsBlueprintLibrary, From C:/Program Files (x86)/Epic Games/4.13/Engine/Plugins/Runtime/Analytics/AnalyticsBlueprintLibrary/AnalyticsBlueprintLibrary.uplugin
LogPluginManager: Loaded Plugin AnalyticsMulticast, From C:/Program Files (x86)/Epic Games/4.13/Engine/Plugins/Runtime/Analytics/AnalyticsMulticast/AnalyticsMulticast.uplugin
LogPluginManager: Loaded Plugin Apsalar, From C:/Program Files (x86)/Epic Games/4.13/Engine/Plugins/Runtime/Analytics/Apsalar/Apsalar.uplugin
LogPluginManager: Loaded Plugin FileLogging, From C:/Program Files (x86)/Epic Games/4.13/Engine/Plugins/Runtime/Analytics/FileLogging/FileLogging.uplugin
LogPluginManager: Loaded Plugin Flurry, From C:/Program Files (x86)/Epic Games/4.13/Engine/Plugins/Runtime/Analytics/Flurry/Flurry.uplugin
LogPluginManager: Loaded Plugin AndroidDeviceProfileSelector, From C:/Program Files (x86)/Epic Games/4.13/Engine/Plugins/Runtime/AndroidDeviceProfileSelector/AndroidDeviceProfileSelector.uplugin
LogPluginManager: Loaded Plugin AndroidMoviePlayer, From C:/Program Files (x86)/Epic Games/4.13/Engine/Plugins/Runtime/AndroidMoviePlayer/AndroidMoviePlayer.uplugin
LogPluginManager: Loaded Plugin AppleMoviePlayer, From C:/Program Files (x86)/Epic Games/4.13/Engine/Plugins/Runtime/AppleMoviePlayer/AppleMoviePlayer.uplugin
LogPluginManager: Loaded Plugin ArchVisCharacter, From C:/Program Files (x86)/Epic Games/4.13/Engine/Plugins/Runtime/ArchVisCharacter/ArchVisCharacter.uplugin
LogPluginManager: Loaded Plugin CableComponent, From C:/Program Files (x86)/Epic Games/4.13/Engine/Plugins/Runtime/CableComponent/CableComponent.uplugin
LogPluginManager: Loaded Plugin CustomMeshComponent, From C:/Program Files (x86)/Epic Games/4.13/Engine/Plugins/Runtime/CustomMeshComponent/CustomMeshComponent.uplugin
LogPluginManager: Loaded Plugin ExampleDeviceProfileSelector, From C:/Program Files (x86)/Epic Games/4.13/Engine/Plugins/Runtime/ExampleDeviceProfileSelector/ExampleDeviceProfileSelector.uplugin
LogPluginManager: Loaded Plugin GearVR, From C:/Program Files (x86)/Epic Games/4.13/Engine/Plugins/Runtime/GearVR/GearVR.uplugin
LogPluginManager: Loaded Plugin GoogleVRController, From C:/Program Files (x86)/Epic Games/4.13/Engine/Plugins/Runtime/GoogleVR/GoogleVRController/GoogleVRController.uplugin
LogPluginManager: Loaded Plugin GoogleVRHMD, From C:/Program Files (x86)/Epic Games/4.13/Engine/Plugins/Runtime/GoogleVR/GoogleVRHMD/GoogleVRHMD.uplugin
LogPluginManager: Loaded Plugin IOSDeviceProfileSelector, From C:/Program Files (x86)/Epic Games/4.13/Engine/Plugins/Runtime/IOSDeviceProfileSelector/IOSDeviceProfileSelector.uplugin
LogPluginManager: Loaded Plugin LeapMotion, From C:/Program Files (x86)/Epic Games/4.13/Engine/Plugins/Runtime/LeapMotion/LeapMotion.uplugin
LogPluginManager: Loaded Plugin LinuxDeviceProfileSelector, From C:/Program Files (x86)/Epic Games/4.13/Engine/Plugins/Runtime/LinuxDeviceProfileSelector/LinuxDeviceProfileSelector.uplugin
LogPluginManager: Loaded Plugin LiveEditorListenServer, From C:/Program Files (x86)/Epic Games/4.13/Engine/Plugins/Runtime/LiveEditorListenServer/LiveEditorListenServer.uplugin
LogPluginManager: Loaded Plugin OculusAudio, From C:/Program Files (x86)/Epic Games/4.13/Engine/Plugins/Runtime/OculusAudio/OculusAudio.uplugin
LogPluginManager: Loaded Plugin OculusInput, From C:/Program Files (x86)/Epic Games/4.13/Engine/Plugins/Runtime/OculusInput/OculusInput.uplugin
LogPluginManager: Loaded Plugin OculusLibrary, From C:/Program Files (x86)/Epic Games/4.13/Engine/Plugins/Runtime/OculusLibrary/OculusLibrary.uplugin
LogPluginManager: Loaded Plugin OculusRift, From C:/Program Files (x86)/Epic Games/4.13/Engine/Plugins/Runtime/OculusRift/OculusRift.uplugin
LogPluginManager: Loaded Plugin Oodle, From C:/Program Files (x86)/Epic Games/4.13/Engine/Plugins/Runtime/PacketHandlers/CompressionComponents/Oodle/Oodle.uplugin
LogPluginManager: Loaded Plugin ProceduralMeshComponent, From C:/Program Files (x86)/Epic Games/4.13/Engine/Plugins/Runtime/ProceduralMeshComponent/ProceduralMeshComponent.uplugin
LogPluginManager: Loaded Plugin SoundMod, From C:/Program Files (x86)/Epic Games/4.13/Engine/Plugins/Runtime/SoundMod/SoundMod.uplugin
LogPluginManager: Loaded Plugin SoundVisualizations, From C:/Program Files (x86)/Epic Games/4.13/Engine/Plugins/Runtime/SoundVisualizations/SoundVisualizations.uplugin
LogPluginManager: Loaded Plugin SteamController, From C:/Program Files (x86)/Epic Games/4.13/Engine/Plugins/Runtime/Steam/SteamController/SteamController.uplugin
LogPluginManager: Loaded Plugin SteamVR, From C:/Program Files (x86)/Epic Games/4.13/Engine/Plugins/Runtime/Steam/SteamVR/SteamVR.uplugin
LogPluginManager: Loaded Plugin WebBrowserWidget, From C:/Program Files (x86)/Epic Games/4.13/Engine/Plugins/Runtime/WebBrowserWidget/WebBrowserWidget.uplugin
LogPluginManager: Loaded Plugin WindowsDeviceProfileSelector, From C:/Program Files (x86)/Epic Games/4.13/Engine/Plugins/Runtime/WindowsDeviceProfileSelector/WindowsDeviceProfileSelector.uplugin
LogPluginManager: Loaded Plugin WindowsMoviePlayer, From C:/Program Files (x86)/Epic Games/4.13/Engine/Plugins/Runtime/WindowsMoviePlayer/WindowsMoviePlayer.uplugin
LogPluginManager: Loaded Plugin ScriptPlugin, From C:/Program Files (x86)/Epic Games/4.13/Engine/Plugins/ScriptPlugin/ScriptPlugin.uplugin
LogPluginManager: Loaded Plugin SlateRemote, From C:/Program Files (x86)/Epic Games/4.13/Engine/Plugins/Slate/SlateRemote/SlateRemote.uplugin
LogInit: Using libcurl 7.47.1
LogInit:  - built for x86_64-pc-win32
LogInit:  - supports SSL with WinSSL
LogInit:  - other features:
LogInit:      CURL_VERSION_SSL
LogInit:      CURL_VERSION_IPV6
LogInit:      CURL_VERSION_ASYNCHDNS
LogInit:      CURL_VERSION_LARGEFILE
LogInit:      CURL_VERSION_IDN
LogInit:  CurlRequestOptions (configurable via config and command line):
LogInit:  - bVerifyPeer = false  - Libcurl will NOT verify peer certificate
LogInit:  - bUseHttpProxy = false  - Libcurl will NOT use HTTP proxy
LogInit:  - bDontReuseConnections = false  - Libcurl will reuse connections
LogInit:  - CertBundlePath = nullptr  - Libcurl will use whatever was configured at build time.
LogInit: Build: ++UE4+Release-4.13-CL-3172292
LogInit: Engine Version: 4.13.2-3172292+++UE4+Release-4.13
LogInit: Compatible Engine Version: 4.13.0-3106830+++UE4+Release-4.13
LogInit: Net CL: 3172292
LogDevObjectVersion: Number of dev versions registered: 13
LogDevObjectVersion:   Dev-Blueprints (B0D832E4-1F89-4F0D-ACCF-7EB736FD4AA2): 5
LogDevObjectVersion:   Dev-Build (E1C64328-A22C-4D53-A36C-8E866417BD8C): 0
LogDevObjectVersion:   Dev-Core (375EC13C-06E4-48FB-B500-84F0262A717E): 1
LogDevObjectVersion:   Dev-Editor (E4B068ED-F494-42E9-A231-DA0B2E46BB41): 6
LogDevObjectVersion:   Dev-Framework (CFFC743F-43B0-4480-9391-14DF171D2073): 12
LogDevObjectVersion:   Dev-Mobile (B02B49B5-BB20-44E9-A304-32B752E40360): 0
LogDevObjectVersion:   Dev-Networking (A4E4105C-59A1-49B5-A7C5-40C4547EDFEE): 0
LogDevObjectVersion:   Dev-Online (39C831C9-5AE6-47DC-9A44-9C173E1C8E7C): 0
LogDevObjectVersion:   Dev-Physics (78F01B33-EBEA-4F98-B9B4-84EACCB95AA2): 0
LogDevObjectVersion:   Dev-Platform (6631380F-2D4D-43E0-8009-CF276956A95A): 0
LogDevObjectVersion:   Dev-Rendering (12F88B9F-8875-4AFC-A67C-D90C383ABD29): 4
LogDevObjectVersion:   Dev-Sequencer (7B5AE74C-D270-4C10-A958-57980B212A5A): 0
LogDevObjectVersion:   Dev-VR (D7296918-1DD6-4BDD-9DE2-64A83CC13884): 0
LogInit: Compiled (64-bit): Oct 24 2016 14:29:06
LogInit: Compiled with Visual C++: 19.00.23026.00
LogInit: Build Configuration: Development
LogInit: Branch Name: ++UE4+Release-4.13
LogInit: Command line:  
LogInit: Base directory: C:/Program Files (x86)/Epic Games/4.13/Engine/Binaries/Win64/
LogInit: Installed Engine Build: 1
LogInit: Presizing for max 8388607 objects, including 0 objects not considered by GC, pre-allocating 0 bytes for permanent pool.
LogInit: Object subsystem initialized
[2017.09.16-20.15.05:870][  0]LogInit: Selected Device Profile: [Windows]
[2017.09.16-20.15.05:870][  0]LogInit: Applying CVar settings loaded from the selected device profile: [Windows]
[2017.09.16-20.15.05:879][  0]LogInit: Computer: JIAXIN
[2017.09.16-20.15.05:879][  0]LogInit: User: JiaxinXu
[2017.09.16-20.15.05:879][  0]LogInit: CPU Page size=65536, Cores=4
[2017.09.16-20.15.05:879][  0]LogInit: High frequency timer resolution =3.914062 MHz
[2017.09.16-20.15.05:879][  0]LogMemory: Memory total: Physical=15.9GB (16GB approx)
[2017.09.16-20.15.05:879][  0]LogMemory: Platform Memory Stats for Windows
[2017.09.16-20.15.05:879][  0]LogMemory: Process Physical Memory: 254.50 MB used, 254.50 MB peak
[2017.09.16-20.15.05:879][  0]LogMemory: Process Virtual Memory: 259.78 MB used, 259.78 MB peak
[2017.09.16-20.15.05:879][  0]LogMemory: Physical Memory: 3884.52 MB used, 16299.16 MB total
[2017.09.16-20.15.05:879][  0]LogMemory: Virtual Memory: 606.49 MB used, 134217728.00 MB total
[2017.09.16-20.15.05:905][  0]LogTextLocalizationManager: No specific translations for ('en-US') exist, so ('en') translations will be used.
[2017.09.16-20.15.06:306][  0]LogD3D11RHI: D3D11 adapters:
[2017.09.16-20.15.06:329][  0]LogD3D11RHI:    0. 'NVIDIA GeForce GTX 1080' (Feature Level 11_0)
[2017.09.16-20.15.06:329][  0]LogD3D11RHI:       8052/0/8149 MB DedicatedVideo/DedicatedSystem/SharedSystem, Outputs:2, VendorId:0x10de
[2017.09.16-20.15.06:329][  0]LogD3D11RHI:    1. 'Microsoft Basic Render Driver' (Feature Level 11_0)
[2017.09.16-20.15.06:329][  0]LogD3D11RHI:       0/0/256 MB DedicatedVideo/DedicatedSystem/SharedSystem, Outputs:0, VendorId:0x1414
[2017.09.16-20.15.06:329][  0]LogD3D11RHI: Chosen D3D11 Adapter: 0
[2017.09.16-20.15.06:332][  0]LogD3D11RHI: Creating new Direct3DDevice
[2017.09.16-20.15.06:332][  0]LogD3D11RHI:     GPU DeviceId: 0x1b80 (for the marketing name, search the web for "GPU Device Id")
[2017.09.16-20.15.06:332][  0]LogWindows: EnumDisplayDevices:
[2017.09.16-20.15.06:332][  0]LogWindows:    0. 'NVIDIA GeForce GTX 1080' (P:1 D:1)
[2017.09.16-20.15.06:332][  0]LogWindows:    1. 'NVIDIA GeForce GTX 1080' (P:0 D:1)
[2017.09.16-20.15.06:333][  0]LogWindows:    2. 'NVIDIA GeForce GTX 1080' (P:0 D:0)
[2017.09.16-20.15.06:333][  0]LogWindows:    3. 'NVIDIA GeForce GTX 1080' (P:0 D:0)
[2017.09.16-20.15.06:333][  0]LogWindows: DebugString: FoundDriverCount:4 
[2017.09.16-20.15.06:333][  0]LogD3D11RHI:     Adapter Name: NVIDIA GeForce GTX 1080
[2017.09.16-20.15.06:333][  0]LogD3D11RHI:   Driver Version: 372.70 (internal:21.21.13.7270, unified:372.70)
[2017.09.16-20.15.06:333][  0]LogD3D11RHI:      Driver Date: 8-25-2016
[2017.09.16-20.15.06:333][  0]LogRHI: Texture pool is 1361 MB (70% of 1945 MB)
[2017.09.16-20.15.06:341][  0]LogD3D11RHI: Async texture creation enabled
[2017.09.16-20.15.06:356][  0]LogD3D11RHI: GPU Timing Frequency: 1000.000000 (Debug: 2 2)
[2017.09.16-20.15.06:356][  0]LogShaderCompilers: Guid format shader working directory is -26 characters bigger than the processId version (../../../../../../Users/Jiaxin Xu/Desktop/Coutyard Project Folder/Courtyard/Intermediate/Shaders/WorkingDirectory/7692/).
[2017.09.16-20.15.06:356][  0]LogShaderCompilers: Cleaned the shader compiler working directory 'C:/Users/JIAXIN~1/AppData/Local/Temp/UnrealShaderWorkingDir/8EA66AF3478B4DD2C65155BD74498B7E/'.
[2017.09.16-20.15.06:356][  0]LogShaderCompilers:Display: Using Local Shader Compiler.
[2017.09.16-20.15.08:966][  0]LogTemp:Display: Loaded TP AllDesktopTargetPlatform
[2017.09.16-20.15.08:975][  0]LogTemp:Display: Loaded TP WindowsClientTargetPlatform
[2017.09.16-20.15.08:983][  0]LogTemp:Display: Loaded TP WindowsNoEditorTargetPlatform
[2017.09.16-20.15.08:993][  0]LogTemp:Display: Loaded TP WindowsServerTargetPlatform
[2017.09.16-20.15.09:000][  0]LogTemp:Display: Loaded TP WindowsTargetPlatform
[2017.09.16-20.15.09:005][  0]LogTemp:Display: Loaded TP AndroidTargetPlatform
[2017.09.16-20.15.09:010][  0]LogTemp:Display: Loaded TP Android_ASTCTargetPlatform
[2017.09.16-20.15.09:015][  0]LogTemp:Display: Loaded TP Android_ATCTargetPlatform
[2017.09.16-20.15.09:022][  0]LogTemp:Display: Loaded TP Android_DXTTargetPlatform
[2017.09.16-20.15.09:029][  0]LogTemp:Display: Loaded TP Android_ETC1TargetPlatform
[2017.09.16-20.15.09:035][  0]LogTemp:Display: Loaded TP Android_ETC2TargetPlatform
[2017.09.16-20.15.09:048][  0]LogTemp:Display: Loaded TP Android_MultiTargetPlatform
[2017.09.16-20.15.09:048][  0]LogTemp:Display: Loaded TP Android_PVRTCTargetPlatform
[2017.09.16-20.15.09:049][  0]LogTemp:Display: Loaded TP HTML5TargetPlatform
[2017.09.16-20.15.09:069][  0]LogTemp:Display: Loaded TP IOSTargetPlatform
[2017.09.16-20.15.09:075][  0]LogTemp:Display: Loaded TP TVOSTargetPlatform
[2017.09.16-20.15.09:080][  0]LogTemp:Display: Loaded TP LinuxClientTargetPlatform
[2017.09.16-20.15.09:084][  0]LogTemp:Display: Loaded TP LinuxNoEditorTargetPlatform
[2017.09.16-20.15.09:090][  0]LogTemp:Display: Loaded TP LinuxServerTargetPlatform
[2017.09.16-20.15.09:097][  0]LogTemp:Display: Loaded TP LinuxTargetPlatform
[2017.09.16-20.15.09:097][  0]LogTargetPlatformManager:Display: Building Assets For Windows
[2017.09.16-20.15.09:151][  0]LogDerivedDataCache:Display: Max Cache Size: 512 MB
[2017.09.16-20.15.09:204][  0]LogDerivedDataCache: Loaded boot cache 0.05s 62MB C:/Users/Jiaxin Xu/AppData/Local/UnrealEngine/4.13/DerivedDataCache/Boot.ddc.
[2017.09.16-20.15.09:204][  0]LogDerivedDataCache:Display: Loaded Boot cache: C:/Users/Jiaxin Xu/AppData/Local/UnrealEngine/4.13/DerivedDataCache/Boot.ddc
[2017.09.16-20.15.09:204][  0]LogDerivedDataCache: FDerivedDataBackendGraph:  Pak pak cache file ../../../../../../Users/Jiaxin Xu/Desktop/Coutyard Project Folder/Courtyard/DerivedDataCache/DDC.ddp not found, will not use a pak cache.
[2017.09.16-20.15.09:204][  0]LogDerivedDataCache: Unable to find inner node Pak for hierarchical cache Hierarchy.
[2017.09.16-20.15.09:204][  0]LogDerivedDataCache: FDerivedDataBackendGraph:  CompressedPak pak cache file ../../../../../../Users/Jiaxin Xu/Desktop/Coutyard Project Folder/Courtyard/DerivedDataCache/Compressed.ddp not found, will not use a pak cache.
[2017.09.16-20.15.09:204][  0]LogDerivedDataCache: Unable to find inner node CompressedPak for hierarchical cache Hierarchy.
[2017.09.16-20.15.09:216][  0]LogDerivedDataCache:Display: Pak cache opened for reading ../../../Engine/DerivedDataCache/Compressed.ddp.
[2017.09.16-20.15.09:229][  0]LogDerivedDataCache: Using Local data cache path C:/Users/Jiaxin Xu/AppData/Local/UnrealEngine/Common/DerivedDataCache: Writable
[2017.09.16-20.15.09:376][  0]LogInit: Selected Device Profile: [Windows]
[2017.09.16-20.15.09:378][  0]LogContentStreaming: Texture pool size is 0.00 MB
[2017.09.16-20.15.09:439][  0]LogMeshUtilities: No automatic mesh reduction module available
[2017.09.16-20.15.09:439][  0]LogMeshUtilities: No automatic mesh merging module available
[2017.09.16-20.15.09:439][  0]LogMeshUtilities: No distributed automatic mesh merging module available
[2017.09.16-20.15.09:490][  0]LogMaterial: Uniform references updated for custom material expression Custom.
[2017.09.16-20.15.09:686][  0]LogNetVersion: GetLocalNetworkVersion: CL: 3106830, ProjectName: courtyard, ProjectVersion: , EngineNetworkVersion: 1, GameNetworkVersion: 0, NetworkChecksum: 865333403
[2017.09.16-20.15.09:720][  0]LogAssetRegistry: FAssetRegistry took 0.0223 seconds to start up
[2017.09.16-20.15.09:767][  0]LogPackageLocalizationCache: Processed 3 localized package path(s) for 2 prioritized culture(s) in 0.046340 seconds
[2017.09.16-20.15.09:771][  0]LogUObjectArray: 29778 objects as part of root set at end of initial load.
[2017.09.16-20.15.09:771][  0]LogUObjectAllocator: 6125448 out of 0 bytes used by permanent object pool.
[2017.09.16-20.15.09:771][  0]LogUObjectArray: CloseDisregardForGC: 0/0 objects in disregard for GC pool
[2017.09.16-20.15.09:774][  0]LogInit: WinSock: version 1.1 (2.2), MaxSocks=32767, MaxUdp=65467
[2017.09.16-20.15.09:905][  0]LogSlate: SlateFontCache - WITH_FREETYPE: 1, WITH_HARFBUZZ: 1
[2017.09.16-20.15.09:905][  0]LogSlate: SlateFontCache - WITH_FREETYPE: 1, WITH_HARFBUZZ: 1
[2017.09.16-20.15.10:331][  0]LogTcpMessaging: Initializing TcpMessaging bridge
[2017.09.16-20.15.10:348][  0]LogUdpMessaging: Initializing bridge on interface 0.0.0.0:0 to multicast group 230.0.0.1:6666.
[2017.09.16-20.15.10:543][  0]SourceControl: Info Source control is disabled
[2017.09.16-20.15.10:590][  0]SourceControl: Info Source control is disabled
[2017.09.16-20.15.10:596][  0]SourceControl: Info Source control is disabled
[2017.09.16-20.15.10:601][  0]SourceControl: Info Source control is disabled
[2017.09.16-20.15.10:760][  0]LogEngine: Initializing Engine...
[2017.09.16-20.15.10:761][  0]LogHMD: Failed to initialize OpenVR with code 110
[2017.09.16-20.15.10:849][  0]LogAIModule: Creating AISystem for world Untitled
[2017.09.16-20.15.10:863][  0]LogInit: XAudio2 using 'Speakers (Realtek High Definition Audio)' : 2 channels at 48 kHz using 32 bits per sample (channel mask 0x3)
[2017.09.16-20.15.10:901][  0]LogInit: FAudioDevice initialized.
[2017.09.16-20.15.10:922][  0]LogDerivedDataCache: Saved boot cache 0.02s 62MB C:/Users/Jiaxin Xu/AppData/Local/UnrealEngine/4.13/DerivedDataCache/Boot.ddc.
[2017.09.16-20.15.10:926][  0]LogInit: Texture streaming: Enabled
[2017.09.16-20.15.10:942][  0]LogInit: Transaction tracking system initialized
[2017.09.16-20.15.10:953][  0]BlueprintLog: New page: Editor Load
[2017.09.16-20.15.11:001][  0]LocalizationService: Info Localization service is disabled
[2017.09.16-20.15.11:050][  0]LogConsoleResponse:Display: 
[2017.09.16-20.15.11:122][  0]LogCook:Display: Max memory allowance for cook 16384mb min free memory 0mb
[2017.09.16-20.15.11:122][  0]LogCook:Display: Mobile HDR setting 1
[2017.09.16-20.15.11:208][  0]LogFileCache: Scanning file cache for directory 'C:/Users/Jiaxin Xu/Desktop/Coutyard Project Folder/Courtyard/Content/' took 0.01s
[2017.09.16-20.15.11:208][  0]SourceControl: Info Source control is disabled
[2017.09.16-20.15.11:208][  0]Cmd: MAP LOAD FILE="../../../../../../Users/Jiaxin Xu/Desktop/Coutyard Project Folder/Courtyard/Content/ThirdPersonBP/Maps/ThirdPersonExampleMap.umap" TEMPLATE=0 SHOWPROGRESS=1 FEATURELEVEL=3
[2017.09.16-20.15.11:208][  0]LightingResults: New page: Lighting Build
[2017.09.16-20.15.11:210][  0]MapCheck: New page: Map Check
[2017.09.16-20.15.11:210][  0]LightingResults: New page: Lighting Build
[2017.09.16-20.15.11:496][  0]LogAIModule: Creating AISystem for world ThirdPersonExampleMap
[2017.09.16-20.15.11:502][  0]LogEditorServer: Finished looking for orphan Actors (0.000 secs)
[2017.09.16-20.15.11:502][  0]Cmd: MAP CHECKDEP NOCLEARLOG
[2017.09.16-20.15.11:532][  0]MapCheck: Info Map check complete: 0 Error(s), 0 Warning(s), took 29.597ms to complete.
[2017.09.16-20.15.11:532][  0]LogFileHelpers: Loading map 'ThirdPersonExampleMap' took 0.324
[2017.09.16-20.15.11:634][  0]LogCollectionManager: Loaded 0 collections in 0.000973 seconds
[2017.09.16-20.15.11:680][  0]LogFileCache: Scanning file cache for directory 'C:/Users/Jiaxin Xu/Desktop/Coutyard Project Folder/Courtyard/Saved/Collections/' took 0.01s
[2017.09.16-20.15.11:680][  0]LogFileCache: Scanning file cache for directory 'C:/Users/Jiaxin Xu/Desktop/Coutyard Project Folder/Courtyard/Content/Developers/JiaxinXu/Collections/' took 0.01s
[2017.09.16-20.15.11:680][  0]LogFileCache: Scanning file cache for directory 'C:/Users/Jiaxin Xu/Desktop/Coutyard Project Folder/Courtyard/Content/Collections/' took 0.01s
[2017.09.16-20.15.11:680][  0]LogCollectionManager: Rebuilt the GUID cache for 0 collections in 0.000002 seconds
[2017.09.16-20.15.11:686][  0]LogContentBrowser: Native class hierarchy populated in 0.0059 seconds. Added 2141 classes and 415 folders.
[2017.09.16-20.15.11:688][  0]LogStats: UGameplayTagsManager::ConstructGameplayTagTree: Construct from data asset -  0.000 s
[2017.09.16-20.15.11:688][  0]LogStats: UGameplayTagsManager::ConstructGameplayTagTree: GameplayTagTreeChangedEvent.Broadcast -  0.000 s
[2017.09.16-20.15.11:689][  0]LogContentBrowser: Native class hierarchy updated for 'GameplayTags' in 0.0003 seconds. Added 12 classes and 0 folders.
[2017.09.16-20.15.11:691][  0]LogContentBrowser: Native class hierarchy updated for 'WidgetCarousel' in 0.0003 seconds. Added 0 classes and 0 folders.
[2017.09.16-20.15.11:714][  0]LogContentBrowser: Native class hierarchy updated for 'AddContentDialog' in 0.0003 seconds. Added 0 classes and 0 folders.
[2017.09.16-20.15.11:717][  0]LogContentBrowser: Native class hierarchy updated for 'SceneOutliner' in 0.0003 seconds. Added 1 classes and 2 folders.
[2017.09.16-20.15.11:756][  0]LogCrashTracker: Crashtracker disabled due to settings.
[2017.09.16-20.15.11:767][  0]LogUObjectGlobals:Warning: Failed to find object 'Class None.'
[2017.09.16-20.15.11:793][  0]LogContentBrowser: Native class hierarchy updated for 'HierarchicalLODOutliner' in 0.0003 seconds. Added 1 classes and 2 folders.
[2017.09.16-20.15.11:793][  0]LogLoad: (Engine Initialization) Total time: 6.60 seconds
[2017.09.16-20.15.11:793][  0]LogLoad: (Engine Initialization) Total Blueprint compile time: 0.07 seconds
[2017.09.16-20.15.11:793][  0]LogExternalProfiler: Found external profiler: VSPerf
[2017.09.16-20.15.11:793][  0]LogExternalProfiler: Using external profiler: VSPerf
[2017.09.16-20.15.11:802][  0]LogWindowsTextInputMethodSystem:Display: IME system now deactivated.
[2017.09.16-20.15.11:802][  0]LogOcInput: OculusInput pre-init called
[2017.09.16-20.15.11:828][  0]LogContentStreaming: Texture pool size now 1000 MB
[2017.09.16-20.15.11:978][  0]LogRenderer: Reallocating scene render targets to support 1208x576 (Frame:2).
[2017.09.16-20.15.12:028][  1]LogAssetRegistry: Asset discovery search completed in 2.3312 seconds
[2017.09.16-20.15.12:028][  1]LogCollectionManager: Rebuilt the object cache for 0 collections in 0.000001 seconds (found 0 objects)
[2017.09.16-20.15.12:028][  1]LogCollectionManager: Fixed up redirectors for 0 collections in 0.000014 seconds (updated 0 objects)
[2017.09.16-20.31.14:460][826]LogAIModule: Creating AISystem for world Test1
[2017.09.16-20.31.14:477][826]Cmd: MAP LOAD FILE="../../../../../../Users/Jiaxin Xu/Desktop/Coutyard Project Folder/Courtyard/Content/Levels/Test1.umap" TEMPLATE=0 SHOWPROGRESS=1 FEATURELEVEL=3
[2017.09.16-20.31.14:477][826]LightingResults: New page: Lighting Build
[2017.09.16-20.31.14:478][826]LoadErrors: New page: Loading map: Test1.umap
[2017.09.16-20.31.14:478][826]MapCheck: New page: Map Check
[2017.09.16-20.31.14:478][826]LightingResults: New page: Lighting Build
[2017.09.16-20.31.14:520][826]LogEditorServer: Finished looking for orphan Actors (0.000 secs)
[2017.09.16-20.31.14:532][826]Cmd: MAP CHECKDEP NOCLEARLOG
[2017.09.16-20.31.14:563][826]MapCheck: Info Map check complete: 0 Error(s), 0 Warning(s), took 31.128ms to complete.
[2017.09.16-20.31.14:563][826]LogFileHelpers: Loading map 'Test1' took 0.087
[2017.09.16-20.31.21:994][709]Cmd: DELETE
[2017.09.16-20.31.21:994][709]Cmd: ACTOR DELETE
[2017.09.16-20.31.24:310][709]LogEditorActor: Deleted Actor: Brush
[2017.09.16-20.31.25:941][709]LogEditorActor: Deleted Actor: Brush
[2017.09.16-20.31.26:530][709]LogEditorActor: Deleted Actor: Brush
[2017.09.16-20.31.29:030][709]LogEditorActor: Deleted Actor: Brush
[2017.09.16-20.31.29:030][709]LogEditorActor: Deleted Actor: Brush
[2017.09.16-20.31.29:030][709]LogEditorActor: Deleted Actor: Brush
[2017.09.16-20.31.29:030][709]LogEditorActor: Deleted Actor: Brush
[2017.09.16-20.31.29:030][709]LogEditorActor: Deleted Actor: Brush
[2017.09.16-20.31.29:031][709]LogEditorActor: Deleted Actor: Brush
[2017.09.16-20.31.29:041][709]LogEditorActor: Deleted 9 Actors (7.047 secs)
[2017.09.16-20.31.33:456][215]Cmd: DELETE
[2017.09.16-20.31.33:456][215]Cmd: ACTOR DELETE
[2017.09.16-20.31.34:625][215]LogEditorActor: Deleted Actor: Brush
[2017.09.16-20.31.34:625][215]LogEditorActor: Deleted Actor: Brush
[2017.09.16-20.31.34:625][215]LogEditorActor: Deleted Actor: Brush
[2017.09.16-20.31.34:625][215]LogEditorActor: Deleted Actor: Brush
[2017.09.16-20.31.34:625][215]LogEditorActor: Deleted Actor: Brush
[2017.09.16-20.31.34:625][215]LogEditorActor: Deleted Actor: Brush
[2017.09.16-20.31.34:626][215]LogEditorActor: Deleted Actor: Brush
[2017.09.16-20.31.34:626][215]LogEditorActor: Deleted Actor: Brush
[2017.09.16-20.31.34:626][215]LogEditorActor: Deleted Actor: Brush
[2017.09.16-20.31.34:635][215]LogEditorActor: Deleted 9 Actors (1.178 secs)
[2017.09.16-20.31.36:857][473]LogEditorViewport: Clicking on Actor (LMB): Character (Character)
[2017.09.16-20.31.37:304][519]Cmd: DELETE
[2017.09.16-20.31.37:304][519]Cmd: ACTOR DELETE
[2017.09.16-20.31.37:305][519]LogEditorActor: Deleted Actor: Character
[2017.09.16-20.31.37:311][519]LogEditorActor: Deleted 1 Actors (0.007 secs)
[2017.09.16-20.31.38:637][676]Cmd: DELETE
[2017.09.16-20.31.38:637][676]Cmd: ACTOR DELETE
[2017.09.16-20.31.39:692][676]LogEditorActor: Deleted Actor: Brush
[2017.09.16-20.31.39:692][676]LogEditorActor: Deleted Actor: Brush
[2017.09.16-20.31.39:692][676]LogEditorActor: Deleted Actor: Brush
[2017.09.16-20.31.39:692][676]LogEditorActor: Deleted Actor: Brush
[2017.09.16-20.31.39:693][676]LogEditorActor: Deleted Actor: Brush
[2017.09.16-20.31.39:715][676]LogEditorActor: Deleted 5 Actors (1.078 secs)
[2017.09.16-20.31.40:785][786]Cmd: DELETE
[2017.09.16-20.31.40:785][786]Cmd: ACTOR DELETE
[2017.09.16-20.31.41:592][786]LogEditorActor: Deleted Actor: Brush
[2017.09.16-20.31.41:592][786]LogEditorActor: Deleted Actor: Brush
[2017.09.16-20.31.41:592][786]LogEditorActor: Deleted Actor: Brush
[2017.09.16-20.31.41:592][786]LogEditorActor: Deleted Actor: Brush
[2017.09.16-20.31.41:592][786]LogEditorActor: Deleted Actor: Brush
[2017.09.16-20.31.41:599][786]LogEditorActor: Deleted 5 Actors (0.814 secs)
[2017.09.16-20.31.44:669][141]MapCheck: New page: Map Check
[2017.09.16-20.31.44:684][141]Cmd: MAP REBUILD ALLVISIBLE
[2017.09.16-20.31.44:684][141]LogEditorServer: Rebuildmap Clear paths rebuilt
[2017.09.16-20.31.44:737][141]LogMaterial: Missing cached shader map for material FDebugViewModeMaterialProxy WorldGridMaterial, compiling. Is special engine material.
[2017.09.16-20.31.44:743][141]LogMaterial: Missing cached shader map for material FDebugViewModeMaterialProxy DefaultMaterial, compiling. 
[2017.09.16-20.31.44:746][141]LogMaterial: Missing cached shader map for material FDebugViewModeMaterialProxy MaterialInstanceDynamic_2, compiling. 
[2017.09.16-20.31.44:750][141]LogMaterial: Missing cached shader map for material FDebugViewModeMaterialProxy LD_MoveableBox, compiling. 
[2017.09.16-20.31.45:220][141]LogLevel:Display: Export Material TexCoord Scales took 0.007 seconds.
[2017.09.16-20.31.45:222][141]TextureStreamingBuild:Display: Build Texture Streaming took 0.002 seconds.
[2017.09.16-20.31.45:228][141]LightingResults: New page: Lighting Build - Sep 16, 2017, 5:31:45 AM
[2017.09.16-20.31.45:285][141]LogSwarmInterface: [OpenConnection] Registering TCP channel ...
[2017.09.16-20.31.45:341][141]LogSwarmInterface: [OpenConnection] Connecting to agent ...
[2017.09.16-20.31.45:347][141]LogSwarmInterface: [TryOpenConnection] Testing the Agent
[2017.09.16-20.31.45:882][141]LogSwarmInterface: [TryOpenConnection] Opening Connection to Agent
[2017.09.16-20.31.45:882][141]LogSwarmInterface: [TryOpenConnection] Local Process ID is 7692
[2017.09.16-20.31.48:317][141]LogStaticLightingSystem:Warning: No importance volume found, so the scene bounding box was used.  You can optimize your scene's quality and lighting build times by adding importance volumes.
[2017.09.16-20.31.48:317][141]LogStaticLightingSystem: Running Lightmass w/ ImmediateImport mode ENABLED
[2017.09.16-20.31.48:317][141]LogStaticLightingSystem: Running Lightmass w/ ImmediateProcess mode ENABLED
[2017.09.16-20.31.48:317][141]LogStaticLightingSystem: Running Lightmass w/ Sorting mode ENABLED
[2017.09.16-20.31.48:317][141]LogStaticLightingSystem: Running Lightmass w/ Mapping paddings ENABLED
[2017.09.16-20.31.48:317][141]LogStaticLightingSystem: Running Lightmass w/ Mapping debug paddings DISABLED
[2017.09.16-20.31.48:414][141]Cmd: MAP CHECK DONTDISPLAYDIALOG
[2017.09.16-20.31.48:414][141]MapCheck: New page: Test1 - Sep 16, 2017, 5:31:48 AM
[2017.09.16-20.31.48:459][141]MapCheck: Info Map check complete: 0 Error(s), 0 Warning(s), took 44.954ms to complete.
[2017.09.16-20.31.48:482][141]LogEditorBuildUtils: Build time 0:03
[2017.09.16-20.31.50:362][240]Job is a success!
[2017.09.16-20.31.50:437][241]LogTexture:Display: Building textures: HQ_Lightmap0_1 (AutoDXT)
[2017.09.16-20.31.50:437][241]LogTexture:Display: Building textures: SkyOcclusion0_1 (AutoDXT)
[2017.09.16-20.31.50:437][241]LogTexture:Display: Building textures: LQ_Lightmap_0_1 (DXT1)
[2017.09.16-20.31.50:437][241]LogTexture:Display: Building textures: SkyOcclusion1_2 (AutoDXT)
[2017.09.16-20.31.50:437][241]LogTexture:Display: Building textures: HQ_Lightmap0_2 (AutoDXT)
[2017.09.16-20.31.50:437][241]LogTexture:Display: Building textures: LQ_Lightmap_0_2 (DXT1)
[2017.09.16-20.31.50:437][241]LogTexture:Display: Building textures: ShadowMapTexture2D_0 (G8)
[2017.09.16-20.31.50:437][241]LogTexture:Display: Building textures: ShadowMapTexture2D_1 (G8)
[2017.09.16-20.31.50:495][241]Lightmass on JIAXIN: 824 ms total, 75 ms importing, 2 ms setup, 372 ms photons, 344 ms processing, 0 ms extra exporting [2/2 mappings]. Threads: 2.24 sec total, 449 ms processing.
[2017.09.16-20.31.50:506][241]LogStaticLightingSystem: Illumination: 5.26 sec (12 ms encoding lightmaps, 5 ms encoding shadowmaps)
[2017.09.16-20.31.50:506][241]LogStaticLightingSystem: Lightmap texture memory:  0.2 MB (0.2 MB streaming, 0.0 MB non-streaming), 4 textures
[2017.09.16-20.31.50:507][241]LogStaticLightingSystem: Shadowmap texture memory: 0.0 MB (0.0 MB streaming, 0.0 MB non-streaming), 2 textures
[2017.09.16-20.31.51:406][242]Cmd: MAP CHECK NOTIFYRESULTS
[2017.09.16-20.31.51:406][242]MapCheck: New page: Test1 - Sep 16, 2017, 5:31:51 AM
[2017.09.16-20.31.51:451][242]MapCheck: Info Map check complete: 0 Error(s), 0 Warning(s), took 45.053ms to complete.
[2017.09.16-20.31.52:878][411]LogPlayLevel: PlayLevel: No blueprints needed recompiling
[2017.09.16-20.31.52:878][411]PIE: New page: PIE session: Test1 (Sep 16, 2017, 5:31:52 AM)
[2017.09.16-20.31.52:878][411]LogPlayLevel: Creating play world package: /Game/Levels/UEDPIE_0_Test1
[2017.09.16-20.31.52:884][411]LogPlayLevel: PIE: StaticDuplicateObject took: (0.005747s)
[2017.09.16-20.31.52:885][411]LogAIModule: Creating AISystem for world Test1
[2017.09.16-20.31.52:885][411]LogPlayLevel: PIE: World Init took: (0.000917s)
[2017.09.16-20.31.52:885][411]LogPlayLevel: PIE: Created PIE world by copying editor world from /Game/Levels/Test1.Test1 to /Game/Levels/UEDPIE_0_Test1.Test1 (0.006881s)
[2017.09.16-20.31.52:906][411]LogInit: XAudio2 using 'Speakers (Realtek High Definition Audio)' : 2 channels at 48 kHz using 32 bits per sample (channel mask 0x3)
[2017.09.16-20.31.52:914][411]LogInit: FAudioDevice initialized.
[2017.09.16-20.31.52:956][411]LogWorld: Game class is 'ThirdPersonGameMode_C'
[2017.09.16-20.31.52:961][411]LogWorld: Bringing World /Game/Levels/UEDPIE_0_Test1.Test1 up for play (max tick rate 0) at 2017.09.16-13.31.52
[2017.09.16-20.31.52:961][411]LogWorld: Bringing up level for play took: 0.003310
[2017.09.16-20.31.52:968][411]LogContentBrowser: Native class hierarchy updated for 'MovieSceneCapture' in 0.0010 seconds. Added 11 classes and 0 folders.
[2017.09.16-20.31.52:969][411]LogGameMode:Display: Match State Changed from EnteringMap to WaitingToStart
[2017.09.16-20.31.52:969][411]LogGameState: Match State Changed from EnteringMap to WaitingToStart
[2017.09.16-20.31.52:969][411]LogGameMode:Display: Match State Changed from WaitingToStart to InProgress
[2017.09.16-20.31.52:972][411]LogGameState: Match State Changed from WaitingToStart to InProgress
[2017.09.16-20.31.52:972][411]PIE: Info Play in editor start time for /Game/Levels/UEDPIE_0_Test1 -0.203
[2017.09.16-20.32.10:217][459]Cmd: OBJ SAVEPACKAGE PACKAGE="/Game/Levels/Test1" FILE="../../../../../../Users/Jiaxin Xu/Desktop/Coutyard Project Folder/Courtyard/Content/Levels/Test1.umap" SILENT=true AUTOSAVING=false KEEPDIRTY=false
[2017.09.16-20.32.10:256][459]LogSavePackage: Save=23.42ms
[2017.09.16-20.32.10:256][459]LogSavePackage: Moving '../../../../../../Users/Jiaxin Xu/Desktop/Coutyard Project Folder/Courtyard/Saved/Test1283805304016E5A6F5BDE88032344602.tmp' to '../../../../../../Users/Jiaxin Xu/Desktop/Coutyard Project Folder/Courtyard/Content/Levels/Test1.umap'
[2017.09.16-20.32.10:265][459]LogSavePackage:Display: Finished SavePackage ../../../../../../Users/Jiaxin Xu/Desktop/Coutyard Project Folder/Courtyard/Content/Levels/Test1.umap
[2017.09.16-20.32.10:279][459]LogFileHelpers: Saving map 'Test1' took 0.094
[2017.09.16-20.32.15:575][ 62]LogContentBrowser: Native class hierarchy updated for 'BlueprintGraph' in 0.0006 seconds. Added 112 classes and 0 folders.
[2017.09.16-20.32.23:552][562]LogRenderer: Reallocating scene render targets to support 1208x712 (Frame:25993).
[2017.09.16-20.35.49:825][ 41]BlueprintLog: New page: Compile ThirdPersonCharacter
[2017.09.16-20.36.01:210][ 46]LogPlayLevel: PlayLevel: No blueprints needed recompiling
[2017.09.16-20.36.01:210][ 46]PIE: New page: PIE session: Test1 (Sep 16, 2017, 5:36:01 AM)
[2017.09.16-20.36.01:210][ 46]LogPlayLevel: Creating play world package: /Game/Levels/UEDPIE_0_Test1
[2017.09.16-20.36.01:216][ 46]LogPlayLevel: PIE: StaticDuplicateObject took: (0.005670s)
[2017.09.16-20.36.01:216][ 46]LogAIModule: Creating AISystem for world Test1
[2017.09.16-20.36.01:217][ 46]LogPlayLevel: PIE: World Init took: (0.001058s)
[2017.09.16-20.36.01:217][ 46]LogPlayLevel: PIE: Created PIE world by copying editor world from /Game/Levels/Test1.Test1 to /Game/Levels/UEDPIE_0_Test1.Test1 (0.006930s)
[2017.09.16-20.36.01:241][ 46]LogInit: XAudio2 using 'Speakers (Realtek High Definition Audio)' : 2 channels at 48 kHz using 32 bits per sample (channel mask 0x3)
[2017.09.16-20.36.01:247][ 46]LogInit: FAudioDevice initialized.
[2017.09.16-20.36.01:274][ 46]LogWorld: Game class is 'ThirdPersonGameMode_C'
[2017.09.16-20.36.01:276][ 46]LogWorld: Bringing World /Game/Levels/UEDPIE_0_Test1.Test1 up for play (max tick rate 0) at 2017.09.16-13.36.01
[2017.09.16-20.36.01:276][ 46]LogWorld: Bringing up level for play took: 0.001339
[2017.09.16-20.36.01:277][ 46]LogGameMode:Display: Match State Changed from EnteringMap to WaitingToStart
[2017.09.16-20.36.01:277][ 46]LogGameState: Match State Changed from EnteringMap to WaitingToStart
[2017.09.16-20.36.01:277][ 46]LogGameMode:Display: Match State Changed from WaitingToStart to InProgress
[2017.09.16-20.36.01:278][ 46]LogGameState: Match State Changed from WaitingToStart to InProgress
[2017.09.16-20.36.01:278][ 46]PIE: Info Play in editor start time for /Game/Levels/UEDPIE_0_Test1 0.102
[2017.09.16-20.36.12:692][408]LogEditorViewport: Clicking on Actor (LMB): StaticMeshActor (Movable Box)
[2017.09.16-20.36.17:752][ 10]LogActorFactory: Actor Factory created Cube
[2017.09.16-20.36.18:829][137]LogActorFactory: Actor Factory created Cube
[2017.09.16-20.36.22:052][521]Cmd: DELETE
[2017.09.16-20.36.22:052][521]Cmd: ACTOR DELETE
[2017.09.16-20.36.22:053][521]LogEditorActor: Deleted Actor: StaticMeshActor
[2017.09.16-20.36.22:065][521]LogEditorActor: Deleted 1 Actors (0.014 secs)
[2017.09.16-20.36.28:459][286]Cmd: BRUSH ADD SELECTNEWBRUSH
[2017.09.16-20.36.31:672][667]Cmd: CAMERA ALIGN ACTIVEVIEWPORTONLY
[2017.09.16-20.36.35:593][136]LogPlayLevel: PlayLevel: No blueprints needed recompiling
[2017.09.16-20.36.35:593][136]PIE: New page: PIE session: Test1 (Sep 16, 2017, 5:36:35 AM)
[2017.09.16-20.36.35:593][136]LogPlayLevel: Creating play world package: /Game/Levels/UEDPIE_0_Test1
[2017.09.16-20.36.35:598][136]LogPlayLevel: PIE: StaticDuplicateObject took: (0.005401s)
[2017.09.16-20.36.35:599][136]LogAIModule: Creating AISystem for world Test1
[2017.09.16-20.36.35:599][136]LogPlayLevel: PIE: World Init took: (0.000758s)
[2017.09.16-20.36.35:599][136]LogPlayLevel: PIE: Created PIE world by copying editor world from /Game/Levels/Test1.Test1 to /Game/Levels/UEDPIE_0_Test1.Test1 (0.006313s)
[2017.09.16-20.36.35:620][136]LogInit: XAudio2 using 'Speakers (Realtek High Definition Audio)' : 2 channels at 48 kHz using 32 bits per sample (channel mask 0x3)
[2017.09.16-20.36.35:626][136]LogInit: FAudioDevice initialized.
[2017.09.16-20.36.35:652][136]LogWorld: Game class is 'ThirdPersonGameMode_C'
[2017.09.16-20.36.35:654][136]LogWorld: Bringing World /Game/Levels/UEDPIE_0_Test1.Test1 up for play (max tick rate 0) at 2017.09.16-13.36.35
[2017.09.16-20.36.35:654][136]LogWorld: Bringing up level for play took: 0.001101
[2017.09.16-20.36.35:670][136]LogGameMode: Warning - PATHS NOT DEFINED or NO PLAYERSTART with positive rating
[2017.09.16-20.36.35:671][136]LogGameMode:Display: Match State Changed from EnteringMap to WaitingToStart
[2017.09.16-20.36.35:671][136]LogGameState: Match State Changed from EnteringMap to WaitingToStart
[2017.09.16-20.36.35:671][136]LogGameMode:Display: Match State Changed from WaitingToStart to InProgress
[2017.09.16-20.36.35:681][136]LogSpawn:Warning: SpawnActor failed because of collision at the spawn location [X=0.000 Y=0.000 Z=40.000] for [ThirdPersonCharacter_C]
[2017.09.16-20.36.35:681][136]LogGameMode:Warning: Couldn't spawn Pawn of type ThirdPersonCharacter_C at WorldSettings_1
[2017.09.16-20.36.35:682][136]LogGameState: Match State Changed from WaitingToStart to InProgress
[2017.09.16-20.36.35:682][136]PIE: Info Play in editor start time for /Game/Levels/UEDPIE_0_Test1 0.507
[2017.09.16-20.36.46:558][426]LogPlayLevel: PlayLevel: No blueprints needed recompiling
[2017.09.16-20.36.46:558][426]PIE: New page: PIE session: Test1 (Sep 16, 2017, 5:36:46 AM)
[2017.09.16-20.36.46:558][426]LogPlayLevel: Creating play world package: /Game/Levels/UEDPIE_0_Test1
[2017.09.16-20.36.46:563][426]LogPlayLevel: PIE: StaticDuplicateObject took: (0.005143s)
[2017.09.16-20.36.46:564][426]LogAIModule: Creating AISystem for world Test1
[2017.09.16-20.36.46:564][426]LogPlayLevel: PIE: World Init took: (0.000835s)
[2017.09.16-20.36.46:564][426]LogPlayLevel: PIE: Created PIE world by copying editor world from /Game/Levels/Test1.Test1 to /Game/Levels/UEDPIE_0_Test1.Test1 (0.006135s)
[2017.09.16-20.36.46:587][426]LogInit: XAudio2 using 'Speakers (Realtek High Definition Audio)' : 2 channels at 48 kHz using 32 bits per sample (channel mask 0x3)
[2017.09.16-20.36.46:593][426]LogInit: FAudioDevice initialized.
[2017.09.16-20.36.46:622][426]LogWorld: Game class is 'ThirdPersonGameMode_C'
[2017.09.16-20.36.46:623][426]LogWorld: Bringing World /Game/Levels/UEDPIE_0_Test1.Test1 up for play (max tick rate 0) at 2017.09.16-13.36.46
[2017.09.16-20.36.46:624][426]LogWorld: Bringing up level for play took: 0.001091
[2017.09.16-20.36.46:624][426]LogGameMode:Display: Match State Changed from EnteringMap to WaitingToStart
[2017.09.16-20.36.46:624][426]LogGameState: Match State Changed from EnteringMap to WaitingToStart
[2017.09.16-20.36.46:624][426]LogGameMode:Display: Match State Changed from WaitingToStart to InProgress
[2017.09.16-20.36.46:625][426]LogGameState: Match State Changed from WaitingToStart to InProgress
[2017.09.16-20.36.46:625][426]PIE: Info Play in editor start time for /Game/Levels/UEDPIE_0_Test1 -0.55
[2017.09.16-20.37.37:050][400]LogEditorActor: Deleted Actor: Character
[2017.09.16-20.37.37:059][400]LogEditorActor: Deleted 1 Actors (0.011 secs)
[2017.09.16-20.38.12:056][589]LogEditorViewport: Clicking on Actor (LMB): StaticMeshActor (Floor)
[2017.09.16-20.38.19:369][462]LogEditorViewport: Clicking on Actor (LMB): SkeletalMeshActor (SK_Mannequin)
[2017.09.16-20.38.20:624][610]Cmd: CAMERA ALIGN ACTIVEVIEWPORTONLY
[2017.09.16-20.38.27:786][467]LogPlayLevel: PlayLevel: No blueprints needed recompiling
[2017.09.16-20.38.27:786][467]PIE: New page: PIE session: Test1 (Sep 16, 2017, 5:38:27 AM)
[2017.09.16-20.38.27:787][467]LogPlayLevel: Creating play world package: /Game/Levels/UEDPIE_0_Test1
[2017.09.16-20.38.27:792][467]LogPlayLevel: PIE: StaticDuplicateObject took: (0.005809s)
[2017.09.16-20.38.27:793][467]LogAIModule: Creating AISystem for world Test1
[2017.09.16-20.38.27:793][467]LogPlayLevel: PIE: World Init took: (0.000879s)
[2017.09.16-20.38.27:793][467]LogPlayLevel: PIE: Created PIE world by copying editor world from /Game/Levels/Test1.Test1 to /Game/Levels/UEDPIE_0_Test1.Test1 (0.006863s)
[2017.09.16-20.38.27:815][467]LogInit: XAudio2 using 'Speakers (Realtek High Definition Audio)' : 2 channels at 48 kHz using 32 bits per sample (channel mask 0x3)
[2017.09.16-20.38.27:821][467]LogInit: FAudioDevice initialized.
[2017.09.16-20.38.27:850][467]LogWorld: Game class is 'ThirdPersonGameMode_C'
[2017.09.16-20.38.27:852][467]LogWorld: Bringing World /Game/Levels/UEDPIE_0_Test1.Test1 up for play (max tick rate 0) at 2017.09.16-13.38.27
[2017.09.16-20.38.27:852][467]LogWorld: Bringing up level for play took: 0.001386
[2017.09.16-20.38.27:853][467]LogGameMode:Display: Match State Changed from EnteringMap to WaitingToStart
[2017.09.16-20.38.27:853][467]LogGameState: Match State Changed from EnteringMap to WaitingToStart
[2017.09.16-20.38.27:853][467]LogGameMode:Display: Match State Changed from WaitingToStart to InProgress
[2017.09.16-20.38.27:854][467]LogGameState: Match State Changed from WaitingToStart to InProgress
[2017.09.16-20.38.27:854][467]PIE: Info Play in editor start time for /Game/Levels/UEDPIE_0_Test1 0.678
[2017.09.16-20.39.10:751][601]LogEditorViewport: Clicking on Actor (LMB): SkeletalMeshActor (SK_Mannequin)
[2017.09.16-20.39.18:727][557]LogEditorViewport: Clicking on Actor (LMB): StaticMeshActor (Floor)
[2017.09.16-20.39.19:758][678]LogEditorViewport: Clicking on Actor (LMB): SkeletalMeshActor (SK_Mannequin)
[2017.09.16-20.39.44:672][633]BlueprintLog: New page: Compile ThirdPersonCharacter
[2017.09.16-20.39.46:929][869]LogSavePackage: Save=28.76ms
[2017.09.16-20.39.46:930][869]LogSavePackage: Moving '../../../../../../Users/Jiaxin Xu/Desktop/Coutyard Project Folder/Courtyard/Saved/ThirdPersonCharacterF74B49B74A9173F02FF46E9C79D7A016.tmp' to '../../../../../../Users/Jiaxin Xu/Desktop/Coutyard Project Folder/Courtyard/Content/ThirdPersonBP/Blueprints/ThirdPersonCharacter.uasset'
[2017.09.16-20.39.46:938][869]LogSavePackage:Display: Finished SavePackage ../../../../../../Users/Jiaxin Xu/Desktop/Coutyard Project Folder/Courtyard/Content/ThirdPersonBP/Blueprints/ThirdPersonCharacter.uasset
[2017.09.16-20.39.49:002][114]LogPlayLevel: PlayLevel: No blueprints needed recompiling
[2017.09.16-20.39.49:002][114]PIE: New page: PIE session: Test1 (Sep 16, 2017, 5:39:49 AM)
[2017.09.16-20.39.49:003][114]LogPlayLevel: Creating play world package: /Game/Levels/UEDPIE_0_Test1
[2017.09.16-20.39.49:009][114]LogPlayLevel: PIE: StaticDuplicateObject took: (0.006286s)
[2017.09.16-20.39.49:009][114]LogAIModule: Creating AISystem for world Test1
[2017.09.16-20.39.49:010][114]LogPlayLevel: PIE: World Init took: (0.000843s)
[2017.09.16-20.39.49:010][114]LogPlayLevel: PIE: Created PIE world by copying editor world from /Game/Levels/Test1.Test1 to /Game/Levels/UEDPIE_0_Test1.Test1 (0.007363s)
[2017.09.16-20.39.49:038][114]LogInit: XAudio2 using 'Speakers (Realtek High Definition Audio)' : 2 channels at 48 kHz using 32 bits per sample (channel mask 0x3)
[2017.09.16-20.39.49:049][114]LogInit: FAudioDevice initialized.
[2017.09.16-20.39.49:078][114]LogWorld: Game class is 'ThirdPersonGameMode_C'
[2017.09.16-20.39.49:080][114]LogWorld: Bringing World /Game/Levels/UEDPIE_0_Test1.Test1 up for play (max tick rate 0) at 2017.09.16-13.39.49
[2017.09.16-20.39.49:080][114]LogWorld: Bringing up level for play took: 0.001660
[2017.09.16-20.39.49:081][114]LogGameMode:Display: Match State Changed from EnteringMap to WaitingToStart
[2017.09.16-20.39.49:081][114]LogGameState: Match State Changed from EnteringMap to WaitingToStart
[2017.09.16-20.39.49:081][114]LogGameMode:Display: Match State Changed from WaitingToStart to InProgress
[2017.09.16-20.39.49:082][114]LogGameState: Match State Changed from WaitingToStart to InProgress
[2017.09.16-20.39.49:082][114]PIE: Info Play in editor start time for /Game/Levels/UEDPIE_0_Test1 -0.094
[2017.09.16-20.40.23:689][240]BlueprintLog: New page: Compile ThirdPersonCharacter
[2017.09.16-20.40.26:000][494]LogPlayLevel: PlayLevel: No blueprints needed recompiling
[2017.09.16-20.40.26:000][494]PIE: New page: PIE session: Test1 (Sep 16, 2017, 5:40:26 AM)
[2017.09.16-20.40.26:000][494]LogPlayLevel: Creating play world package: /Game/Levels/UEDPIE_0_Test1
[2017.09.16-20.40.26:005][494]LogPlayLevel: PIE: StaticDuplicateObject took: (0.005681s)
[2017.09.16-20.40.26:006][494]LogAIModule: Creating AISystem for world Test1
[2017.09.16-20.40.26:006][494]LogPlayLevel: PIE: World Init took: (0.000759s)
[2017.09.16-20.40.26:006][494]LogPlayLevel: PIE: Created PIE world by copying editor world from /Game/Levels/Test1.Test1 to /Game/Levels/UEDPIE_0_Test1.Test1 (0.006587s)
[2017.09.16-20.40.26:027][494]LogInit: XAudio2 using 'Speakers (Realtek High Definition Audio)' : 2 channels at 48 kHz using 32 bits per sample (channel mask 0x3)
[2017.09.16-20.40.26:033][494]LogInit: FAudioDevice initialized.
[2017.09.16-20.40.26:059][494]LogWorld: Game class is 'ThirdPersonGameMode_C'
[2017.09.16-20.40.26:061][494]LogWorld: Bringing World /Game/Levels/UEDPIE_0_Test1.Test1 up for play (max tick rate 0) at 2017.09.16-13.40.26
[2017.09.16-20.40.26:061][494]LogWorld: Bringing up level for play took: 0.001362
[2017.09.16-20.40.26:061][494]LogGameMode:Display: Match State Changed from EnteringMap to WaitingToStart
[2017.09.16-20.40.26:061][494]LogGameState: Match State Changed from EnteringMap to WaitingToStart
[2017.09.16-20.40.26:061][494]LogGameMode:Display: Match State Changed from WaitingToStart to InProgress
[2017.09.16-20.40.26:062][494]LogGameState: Match State Changed from WaitingToStart to InProgress
[2017.09.16-20.40.26:062][494]PIE: Info Play in editor start time for /Game/Levels/UEDPIE_0_Test1 0.887
[2017.09.16-20.40.36:852][777]LogEditorViewport: Clicking on Actor (LMB): StaticMeshActor (Floor)
[2017.09.16-20.40.37:273][825]LogEditorViewport: Clicking on Actor (LMB): StaticMeshActor (Movable Box)
[2017.09.16-20.40.38:219][936]Cmd: DELETE
[2017.09.16-20.40.38:219][936]Cmd: ACTOR DELETE
[2017.09.16-20.40.38:221][936]LogEditorActor: Deleted Actor: StaticMeshActor
[2017.09.16-20.40.38:230][936]LogEditorActor: Deleted 1 Actors (0.011 secs)
[2017.09.16-20.40.49:264][256]Cmd: OBJ SAVEPACKAGE PACKAGE="/Game/Levels/Test1" FILE="../../../../../../Users/Jiaxin Xu/Desktop/Coutyard Project Folder/Courtyard/Content/Levels/Test1.umap" SILENT=true AUTOSAVING=false KEEPDIRTY=false
[2017.09.16-20.40.49:310][256]LogSavePackage: Save=25.98ms
[2017.09.16-20.40.49:310][256]LogSavePackage: Moving '../../../../../../Users/Jiaxin Xu/Desktop/Coutyard Project Folder/Courtyard/Saved/Test163D3168E43EE8805D7570F968A288968.tmp' to '../../../../../../Users/Jiaxin Xu/Desktop/Coutyard Project Folder/Courtyard/Content/Levels/Test1.umap'
[2017.09.16-20.40.49:319][256]LogSavePackage:Display: Finished SavePackage ../../../../../../Users/Jiaxin Xu/Desktop/Coutyard Project Folder/Courtyard/Content/Levels/Test1.umap
[2017.09.16-20.40.58:967][395]LogEditorViewport: Clicking on Actor (LMB): SkeletalMeshActor (SK_Mannequin)
[2017.09.16-20.41.30:953][226]LogEditorViewport: Clicking on Actor (LMB): StaticMeshActor (Floor)
[2017.09.16-20.42.19:745][ 62]LogEditorViewport: Clicking on Actor (LMB): StaticMeshActor (Floor)
[2017.09.16-20.42.26:082][817]Cmd: OBJ SAVEPACKAGE PACKAGE="/Game/Levels/Test1" FILE="../../../../../../Users/Jiaxin Xu/Desktop/Coutyard Project Folder/Courtyard/Content/Levels/Test1.umap" SILENT=true AUTOSAVING=false KEEPDIRTY=false
[2017.09.16-20.42.26:127][817]LogSavePackage: Save=26.19ms
[2017.09.16-20.42.26:127][817]LogSavePackage: Moving '../../../../../../Users/Jiaxin Xu/Desktop/Coutyard Project Folder/Courtyard/Saved/Test1DD29E43B4B9C40C1F95D3382A3263BFB.tmp' to '../../../../../../Users/Jiaxin Xu/Desktop/Coutyard Project Folder/Courtyard/Content/Levels/Test1.umap'
[2017.09.16-20.42.26:136][817]LogSavePackage:Display: Finished SavePackage ../../../../../../Users/Jiaxin Xu/Desktop/Coutyard Project Folder/Courtyard/Content/Levels/Test1.umap
[2017.09.16-20.42.27:440][969]LogPlayLevel: PlayLevel: No blueprints needed recompiling
[2017.09.16-20.42.27:440][969]PIE: New page: PIE session: Test1 (Sep 16, 2017, 5:42:27 AM)
[2017.09.16-20.42.27:440][969]LogPlayLevel: Creating play world package: /Game/Levels/UEDPIE_0_Test1
[2017.09.16-20.42.27:447][969]LogPlayLevel: PIE: StaticDuplicateObject took: (0.007035s)
[2017.09.16-20.42.27:448][969]LogAIModule: Creating AISystem for world Test1
[2017.09.16-20.42.27:448][969]LogPlayLevel: PIE: World Init took: (0.000825s)
[2017.09.16-20.42.27:448][969]LogPlayLevel: PIE: Created PIE world by copying editor world from /Game/Levels/Test1.Test1 to /Game/Levels/UEDPIE_0_Test1.Test1 (0.008033s)
[2017.09.16-20.42.27:468][969]LogInit: XAudio2 using 'Speakers (Realtek High Definition Audio)' : 2 channels at 48 kHz using 32 bits per sample (channel mask 0x3)
[2017.09.16-20.42.27:475][969]LogInit: FAudioDevice initialized.
[2017.09.16-20.42.27:502][969]LogWorld: Game class is 'ThirdPersonGameMode_C'
[2017.09.16-20.42.27:504][969]LogWorld: Bringing World /Game/Levels/UEDPIE_0_Test1.Test1 up for play (max tick rate 0) at 2017.09.16-13.42.27
[2017.09.16-20.42.27:504][969]LogWorld: Bringing up level for play took: 0.001307
[2017.09.16-20.42.27:505][969]LogGameMode:Display: Match State Changed from EnteringMap to WaitingToStart
[2017.09.16-20.42.27:505][969]LogGameState: Match State Changed from EnteringMap to WaitingToStart
[2017.09.16-20.42.27:505][969]LogGameMode:Display: Match State Changed from WaitingToStart to InProgress
[2017.09.16-20.42.27:505][969]LogGameState: Match State Changed from WaitingToStart to InProgress
[2017.09.16-20.42.27:506][969]PIE: Info Play in editor start time for /Game/Levels/UEDPIE_0_Test1 0.33
[2017.09.16-20.44.10:830][ 78]Cmd: EDIT COPY
[2017.09.16-20.44.11:473][155]Cmd: EDIT PASTE
[2017.09.16-20.44.21:858][392]Cmd: CAMERA ALIGN ACTIVEVIEWPORTONLY
[2017.09.16-20.44.51:759][964]LogPlayLevel: PlayLevel: No blueprints needed recompiling
[2017.09.16-20.44.51:759][964]PIE: New page: PIE session: Test1 (Sep 16, 2017, 5:44:51 AM)
[2017.09.16-20.44.51:759][964]LogPlayLevel: Creating play world package: /Game/Levels/UEDPIE_0_Test1
[2017.09.16-20.44.51:765][964]LogPlayLevel: PIE: StaticDuplicateObject took: (0.005646s)
[2017.09.16-20.44.51:765][964]LogAIModule: Creating AISystem for world Test1
[2017.09.16-20.44.51:766][964]LogPlayLevel: PIE: World Init took: (0.000850s)
[2017.09.16-20.44.51:766][964]LogPlayLevel: PIE: Created PIE world by copying editor world from /Game/Levels/Test1.Test1 to /Game/Levels/UEDPIE_0_Test1.Test1 (0.006662s)
[2017.09.16-20.44.51:790][964]LogInit: XAudio2 using 'Speakers (Realtek High Definition Audio)' : 2 channels at 48 kHz using 32 bits per sample (channel mask 0x3)
[2017.09.16-20.44.51:797][964]LogInit: FAudioDevice initialized.
[2017.09.16-20.44.51:825][964]LogWorld: Game class is 'ThirdPersonGameMode_C'
[2017.09.16-20.44.51:827][964]LogWorld: Bringing World /Game/Levels/UEDPIE_0_Test1.Test1 up for play (max tick rate 0) at 2017.09.16-13.44.51
[2017.09.16-20.44.51:827][964]LogWorld: Bringing up level for play took: 0.001377
[2017.09.16-20.44.51:828][964]LogGameMode:Display: Match State Changed from EnteringMap to WaitingToStart
[2017.09.16-20.44.51:828][964]LogGameState: Match State Changed from EnteringMap to WaitingToStart
[2017.09.16-20.44.51:828][964]LogGameMode:Display: Match State Changed from WaitingToStart to InProgress
[2017.09.16-20.44.51:829][964]LogGameState: Match State Changed from WaitingToStart to InProgress
[2017.09.16-20.44.51:829][964]PIE: Info Play in editor start time for /Game/Levels/UEDPIE_0_Test1 0.653
[2017.09.16-20.46.01:087][253]Cmd: OBJ SAVEPACKAGE PACKAGE="/Game/Levels/Test1" FILE="../../../../../../Users/Jiaxin Xu/Desktop/Coutyard Project Folder/Courtyard/Content/Levels/Test1.umap" SILENT=true AUTOSAVING=false KEEPDIRTY=false
[2017.09.16-20.46.01:134][253]LogSavePackage: Save=27.18ms
[2017.09.16-20.46.01:134][253]LogSavePackage: Moving '../../../../../../Users/Jiaxin Xu/Desktop/Coutyard Project Folder/Courtyard/Saved/Test1230B78EB4ECA5DBA81B795B5EFC64E15.tmp' to '../../../../../../Users/Jiaxin Xu/Desktop/Coutyard Project Folder/Courtyard/Content/Levels/Test1.umap'
[2017.09.16-20.46.01:143][253]LogSavePackage:Display: Finished SavePackage ../../../../../../Users/Jiaxin Xu/Desktop/Coutyard Project Folder/Courtyard/Content/Levels/Test1.umap
[2017.09.16-20.47.52:789][634]Cmd: OBJ SAVEPACKAGE PACKAGE="/Game/Levels/Test1" FILE="../../../../../../Users/Jiaxin Xu/Desktop/Coutyard Project Folder/Courtyard/Content/Levels/Test1.umap" SILENT=true AUTOSAVING=false KEEPDIRTY=false
[2017.09.16-20.47.52:833][634]LogSavePackage: Save=26.16ms
[2017.09.16-20.47.52:833][634]LogSavePackage: Moving '../../../../../../Users/Jiaxin Xu/Desktop/Coutyard Project Folder/Courtyard/Saved/Test174103B1C4F8E93F9E5952897551B3911.tmp' to '../../../../../../Users/Jiaxin Xu/Desktop/Coutyard Project Folder/Courtyard/Content/Levels/Test1.umap'
[2017.09.16-20.47.52:837][634]LogSavePackage:Display: Finished SavePackage ../../../../../../Users/Jiaxin Xu/Desktop/Coutyard Project Folder/Courtyard/Content/Levels/Test1.umap
[2017.09.16-20.49.15:425][426]LogPlayLevel: PlayLevel: No blueprints needed recompiling
[2017.09.16-20.49.15:425][426]PIE: New page: PIE session: Test1 (Sep 16, 2017, 5:49:15 AM)
[2017.09.16-20.49.15:425][426]LogPlayLevel: Creating play world package: /Game/Levels/UEDPIE_0_Test1
[2017.09.16-20.49.15:430][426]LogPlayLevel: PIE: StaticDuplicateObject took: (0.005153s)
[2017.09.16-20.49.15:431][426]LogAIModule: Creating AISystem for world Test1
[2017.09.16-20.49.15:431][426]LogPlayLevel: PIE: World Init took: (0.000910s)
[2017.09.16-20.49.15:431][426]LogPlayLevel: PIE: Created PIE world by copying editor world from /Game/Levels/Test1.Test1 to /Game/Levels/UEDPIE_0_Test1.Test1 (0.006228s)
[2017.09.16-20.49.15:452][426]LogInit: XAudio2 using 'Speakers (Realtek High Definition Audio)' : 2 channels at 48 kHz using 32 bits per sample (channel mask 0x3)
[2017.09.16-20.49.15:458][426]LogInit: FAudioDevice initialized.
[2017.09.16-20.49.15:485][426]LogWorld: Game class is 'ThirdPersonGameMode_C'
[2017.09.16-20.49.15:487][426]LogWorld: Bringing World /Game/Levels/UEDPIE_0_Test1.Test1 up for play (max tick rate 0) at 2017.09.16-13.49.15
[2017.09.16-20.49.15:487][426]LogWorld: Bringing up level for play took: 0.001379
[2017.09.16-20.49.15:488][426]LogGameMode:Display: Match State Changed from EnteringMap to WaitingToStart
[2017.09.16-20.49.15:488][426]LogGameState: Match State Changed from EnteringMap to WaitingToStart
[2017.09.16-20.49.15:488][426]LogGameMode:Display: Match State Changed from WaitingToStart to InProgress
[2017.09.16-20.49.15:489][426]LogGameState: Match State Changed from WaitingToStart to InProgress
[2017.09.16-20.49.15:489][426]PIE: Info Play in editor start time for /Game/Levels/UEDPIE_0_Test1 0.313
[2017.09.16-20.49.29:341][ 74]Cmd: OBJ SAVEPACKAGE PACKAGE="/Game/Levels/Test1" FILE="../../../../../../Users/Jiaxin Xu/Desktop/Coutyard Project Folder/Courtyard/Content/Levels/Test1.umap" SILENT=true AUTOSAVING=false KEEPDIRTY=false
[2017.09.16-20.49.29:383][ 74]LogSavePackage: Save=25.58ms
[2017.09.16-20.49.29:383][ 74]LogSavePackage: Moving '../../../../../../Users/Jiaxin Xu/Desktop/Coutyard Project Folder/Courtyard/Saved/Test1678D4DE24B75DB99D470FAAD28B64B86.tmp' to '../../../../../../Users/Jiaxin Xu/Desktop/Coutyard Project Folder/Courtyard/Content/Levels/Test1.umap'
[2017.09.16-20.49.29:387][ 74]LogSavePackage:Display: Finished SavePackage ../../../../../../Users/Jiaxin Xu/Desktop/Coutyard Project Folder/Courtyard/Content/Levels/Test1.umap
[2017.09.16-20.56.37:016][364]Cmd: OBJ SAVEPACKAGE PACKAGE="/Game/Levels/Test1" FILE="../../../../../../Users/Jiaxin Xu/Desktop/Coutyard Project Folder/Courtyard/Content/Levels/Test1.umap" SILENT=true AUTOSAVING=false KEEPDIRTY=false
[2017.09.16-20.56.37:066][364]LogSavePackage: Save=26.89ms
[2017.09.16-20.56.37:066][364]LogSavePackage: Moving '../../../../../../Users/Jiaxin Xu/Desktop/Coutyard Project Folder/Courtyard/Saved/Test19044FEB24F707BA626A59287C430EFC4.tmp' to '../../../../../../Users/Jiaxin Xu/Desktop/Coutyard Project Folder/Courtyard/Content/Levels/Test1.umap'
[2017.09.16-20.56.37:070][364]LogSavePackage:Display: Finished SavePackage ../../../../../../Users/Jiaxin Xu/Desktop/Coutyard Project Folder/Courtyard/Content/Levels/Test1.umap
[2017.09.16-21.55.23:272][562]LogHttp:Warning: 00000036146B9A80: request failed, libcurl error: 6 (Couldn't resolve host name)
[2017.09.16-21.55.23:272][562]LogHttp:Warning: 00000036146B9A80: libcurl info message cache 1 (Connection 16 seems to be dead!)
[2017.09.16-21.55.23:272][562]LogHttp:Warning: 00000036146B9A80: libcurl info message cache 2 (Closing connection 16)
[2017.09.16-21.55.23:272][562]LogHttp:Warning: 00000036146B9A80: libcurl info message cache 3 (schannel: shutting down SSL/TLS connection with datarouter.ol.epicgames.com port 443)
[2017.09.16-21.55.23:272][562]LogHttp:Warning: 00000036146B9A80: libcurl info message cache 4 (Send failure: Connection was reset)
[2017.09.16-21.55.23:272][562]LogHttp:Warning: 00000036146B9A80: libcurl info message cache 5 (schannel: failed to send close msg: Failed sending data to the peer (bytes written: -1))
[2017.09.16-21.55.23:272][562]LogHttp:Warning: 00000036146B9A80: libcurl info message cache 6 (schannel: clear security context handle)
[2017.09.16-21.55.23:272][562]LogHttp:Warning: 00000036146B9A80: libcurl info message cache 7 (schannel: decremented credential handle refcount = 0)
[2017.09.16-21.55.23:272][562]LogHttp:Warning: 00000036146B9A80: libcurl info message cache 8 (Could not resolve host: datarouter.ol.epicgames.com)
[2017.09.16-21.55.23:272][562]LogHttp:Warning: 00000036146B9A80: libcurl info message cache 9 (Closing connection 17)
[2017.09.16-21.55.32:658][590]LogFileHelpers: Editor autosave (incl. sublevels) for '/Game/Levels/Test1' took 0.010
[2017.09.16-21.55.32:662][590]OBJ SavePackage: Generating thumbnails for [1] asset(s) in package [/Game/ThirdPersonBP/Blueprints/ThirdPersonCharacter] ([1] browsable assets)...
[2017.09.16-21.55.32:682][590]OBJ SavePackage:     Rendered thumbnail for [Blueprint /Game/ThirdPersonBP/Blueprints/ThirdPersonCharacter.ThirdPersonCharacter]
[2017.09.16-21.55.32:682][590]OBJ SavePackage: Finished generating thumbnails for package [/Game/ThirdPersonBP/Blueprints/ThirdPersonCharacter]
[2017.09.16-21.55.32:720][590]LogSavePackage: Save=28.42ms
[2017.09.16-21.55.32:720][590]LogSavePackage: Moving '../../../../../../Users/Jiaxin Xu/Desktop/Coutyard Project Folder/Courtyard/Saved/ThirdPersonCharacter_Auto1D61DF7BF44A41C291FB1ED985D29F29C.tmp' to '../../../../../../Users/Jiaxin Xu/Desktop/Coutyard Project Folder/Courtyard/Saved/Autosaves/Game/ThirdPersonBP/Blueprints/ThirdPersonCharacter_Auto1.uasset'
[2017.09.16-21.55.32:724][590]LogSavePackage:Display: Finished SavePackage ../../../../../../Users/Jiaxin Xu/Desktop/Coutyard Project Folder/Courtyard/Saved/Autosaves/Game/ThirdPersonBP/Blueprints/ThirdPersonCharacter_Auto1.uasset
[2017.09.16-21.55.32:724][590]LogFileHelpers: Auto-saving content packages took 0.066
[2017.09.16-22.06.11:068][145]LogPlayLevel: PlayLevel: No blueprints needed recompiling
[2017.09.16-22.06.11:068][145]PIE: New page: PIE session: Test1 (Sep 16, 2017, 7:06:11 AM)
[2017.09.16-22.06.11:068][145]LogPlayLevel: Creating play world package: /Game/Levels/UEDPIE_0_Test1
[2017.09.16-22.06.11:074][145]LogPlayLevel: PIE: StaticDuplicateObject took: (0.005502s)
[2017.09.16-22.06.11:074][145]LogAIModule: Creating AISystem for world Test1
[2017.09.16-22.06.11:075][145]LogPlayLevel: PIE: World Init took: (0.000816s)
[2017.09.16-22.06.11:075][145]LogPlayLevel: PIE: Created PIE world by copying editor world from /Game/Levels/Test1.Test1 to /Game/Levels/UEDPIE_0_Test1.Test1 (0.006498s)
[2017.09.16-22.06.11:098][145]LogInit: XAudio2 using 'Speakers (Realtek High Definition Audio)' : 2 channels at 48 kHz using 32 bits per sample (channel mask 0x3)
[2017.09.16-22.06.11:106][145]LogInit: FAudioDevice initialized.
[2017.09.16-22.06.11:136][145]LogWorld: Game class is 'ThirdPersonGameMode_C'
[2017.09.16-22.06.11:138][145]LogWorld: Bringing World /Game/Levels/UEDPIE_0_Test1.Test1 up for play (max tick rate 0) at 2017.09.16-15.06.11
[2017.09.16-22.06.11:138][145]LogWorld: Bringing up level for play took: 0.001348
[2017.09.16-22.06.11:139][145]LogGameMode:Display: Match State Changed from EnteringMap to WaitingToStart
[2017.09.16-22.06.11:139][145]LogGameState: Match State Changed from EnteringMap to WaitingToStart
[2017.09.16-22.06.11:139][145]LogGameMode:Display: Match State Changed from WaitingToStart to InProgress
[2017.09.16-22.06.11:140][145]LogGameState: Match State Changed from WaitingToStart to InProgress
[2017.09.16-22.06.11:140][145]PIE: Info Play in editor start time for /Game/Levels/UEDPIE_0_Test1 -0.025
[2017.09.16-22.07.02:409][111]LogPlayLevel: PlayLevel: No blueprints needed recompiling
[2017.09.16-22.07.02:409][111]PIE: New page: PIE session: Test1 (Sep 16, 2017, 7:07:02 AM)
[2017.09.16-22.07.02:409][111]LogPlayLevel: Creating play world package: /Game/Levels/UEDPIE_0_Test1
[2017.09.16-22.07.02:415][111]LogPlayLevel: PIE: StaticDuplicateObject took: (0.005918s)
[2017.09.16-22.07.02:415][111]LogAIModule: Creating AISystem for world Test1
[2017.09.16-22.07.02:415][111]LogPlayLevel: PIE: World Init took: (0.000747s)
[2017.09.16-22.07.02:416][111]LogPlayLevel: PIE: Created PIE world by copying editor world from /Game/Levels/Test1.Test1 to /Game/Levels/UEDPIE_0_Test1.Test1 (0.006851s)
[2017.09.16-22.07.02:440][111]LogInit: XAudio2 using 'Speakers (Realtek High Definition Audio)' : 2 channels at 48 kHz using 32 bits per sample (channel mask 0x3)
[2017.09.16-22.07.02:446][111]LogInit: FAudioDevice initialized.
[2017.09.16-22.07.02:475][111]LogWorld: Game class is 'ThirdPersonGameMode_C'
[2017.09.16-22.07.02:477][111]LogWorld: Bringing World /Game/Levels/UEDPIE_0_Test1.Test1 up for play (max tick rate 0) at 2017.09.16-15.07.02
[2017.09.16-22.07.02:477][111]LogWorld: Bringing up level for play took: 0.001325
[2017.09.16-22.07.02:478][111]LogGameMode:Display: Match State Changed from EnteringMap to WaitingToStart
[2017.09.16-22.07.02:478][111]LogGameState: Match State Changed from EnteringMap to WaitingToStart
[2017.09.16-22.07.02:478][111]LogGameMode:Display: Match State Changed from WaitingToStart to InProgress
[2017.09.16-22.07.02:479][111]LogGameState: Match State Changed from WaitingToStart to InProgress
[2017.09.16-22.07.02:479][111]PIE: Info Play in editor start time for /Game/Levels/UEDPIE_0_Test1 -0.687
[2017.09.16-22.07.12:511][306]LogEditorViewport: Clicking on Actor (LMB): Brush (Box Brush)
[2017.09.16-22.07.47:664][518]LogPlayLevel: PlayLevel: No blueprints needed recompiling
[2017.09.16-22.07.47:665][518]PIE: New page: PIE session: Test1 (Sep 16, 2017, 7:07:47 AM)
[2017.09.16-22.07.47:665][518]LogPlayLevel: Creating play world package: /Game/Levels/UEDPIE_0_Test1
[2017.09.16-22.07.47:670][518]LogPlayLevel: PIE: StaticDuplicateObject took: (0.005378s)
[2017.09.16-22.07.47:671][518]LogAIModule: Creating AISystem for world Test1
[2017.09.16-22.07.47:671][518]LogPlayLevel: PIE: World Init took: (0.000899s)
[2017.09.16-22.07.47:671][518]LogPlayLevel: PIE: Created PIE world by copying editor world from /Game/Levels/Test1.Test1 to /Game/Levels/UEDPIE_0_Test1.Test1 (0.006441s)
[2017.09.16-22.07.47:692][518]LogInit: XAudio2 using 'Speakers (Realtek High Definition Audio)' : 2 channels at 48 kHz using 32 bits per sample (channel mask 0x3)
[2017.09.16-22.07.47:698][518]LogInit: FAudioDevice initialized.
[2017.09.16-22.07.47:725][518]LogWorld: Game class is 'ThirdPersonGameMode_C'
[2017.09.16-22.07.47:727][518]LogWorld: Bringing World /Game/Levels/UEDPIE_0_Test1.Test1 up for play (max tick rate 0) at 2017.09.16-15.07.47
[2017.09.16-22.07.47:727][518]LogWorld: Bringing up level for play took: 0.001349
[2017.09.16-22.07.47:728][518]LogGameMode:Display: Match State Changed from EnteringMap to WaitingToStart
[2017.09.16-22.07.47:728][518]LogGameState: Match State Changed from EnteringMap to WaitingToStart
[2017.09.16-22.07.47:728][518]LogGameMode:Display: Match State Changed from WaitingToStart to InProgress
[2017.09.16-22.07.47:729][518]LogGameState: Match State Changed from WaitingToStart to InProgress
[2017.09.16-22.07.47:729][518]PIE: Info Play in editor start time for /Game/Levels/UEDPIE_0_Test1 0.563
[2017.09.16-22.08.48:650][763]Cmd: OBJ SAVEPACKAGE PACKAGE="/Game/Levels/Test1" FILE="../../../../../../Users/Jiaxin Xu/Desktop/Coutyard Project Folder/Courtyard/Content/Levels/Test1.umap" 